<?xml version="1.0" encoding="UTF-8"?>
<testsuite xmlns:xsi="http://www.w3.org/2001/XMLSchema-instance" xsi:noNamespaceSchemaLocation="https://maven.apache.org/surefire/maven-surefire-plugin/xsd/surefire-test-report-3.0.xsd" version="3.0" name="tests.HolidayAutosSearchTest" time="32.194" tests="3" errors="0" skipped="0" failures="0">
  <properties>
    <property name="java.specification.version" value="17"/>
    <property name="sun.cpu.isalist" value="amd64"/>
    <property name="sun.jnu.encoding" value="Cp1252"/>
    <property name="java.class.path" value="C:\Users\Xavier\Source\Repos_Zartis\Repos CarTrawler\holiday_autos\target\test-classes;C:\Users\Xavier\Source\Repos_Zartis\Repos CarTrawler\holiday_autos\target\classes;C:\Users\Xavier\.m2\repository\com\microsoft\playwright\playwright\1.51.0\playwright-1.51.0.jar;C:\Users\Xavier\.m2\repository\com\google\code\gson\gson\2.12.1\gson-2.12.1.jar;C:\Users\Xavier\.m2\repository\com\google\errorprone\error_prone_annotations\2.36.0\error_prone_annotations-2.36.0.jar;C:\Users\Xavier\.m2\repository\org\opentest4j\opentest4j\1.3.0\opentest4j-1.3.0.jar;C:\Users\Xavier\.m2\repository\com\microsoft\playwright\driver\1.51.0\driver-1.51.0.jar;C:\Users\Xavier\.m2\repository\com\microsoft\playwright\driver-bundle\1.51.0\driver-bundle-1.51.0.jar;C:\Users\Xavier\.m2\repository\org\junit\jupiter\junit-jupiter\5.11.0\junit-jupiter-5.11.0.jar;C:\Users\Xavier\.m2\repository\org\junit\jupiter\junit-jupiter-api\5.11.0\junit-jupiter-api-5.11.0.jar;C:\Users\Xavier\.m2\repository\org\junit\platform\junit-platform-commons\1.11.0\junit-platform-commons-1.11.0.jar;C:\Users\Xavier\.m2\repository\org\apiguardian\apiguardian-api\1.1.2\apiguardian-api-1.1.2.jar;C:\Users\Xavier\.m2\repository\org\junit\jupiter\junit-jupiter-params\5.11.0\junit-jupiter-params-5.11.0.jar;C:\Users\Xavier\.m2\repository\org\junit\jupiter\junit-jupiter-engine\5.11.0\junit-jupiter-engine-5.11.0.jar;C:\Users\Xavier\.m2\repository\org\junit\platform\junit-platform-engine\1.11.0\junit-platform-engine-1.11.0.jar;"/>
    <property name="java.vm.vendor" value="Oracle Corporation"/>
    <property name="sun.arch.data.model" value="64"/>
    <property name="user.variant" value=""/>
    <property name="java.vendor.url" value="https://java.oracle.com/"/>
    <property name="user.timezone" value="Europe/Madrid"/>
    <property name="os.name" value="Windows 11"/>
    <property name="java.vm.specification.version" value="17"/>
    <property name="sun.java.launcher" value="SUN_STANDARD"/>
    <property name="user.country" value="ES"/>
    <property name="sun.boot.library.path" value="C:\Program Files\Java\jdk-17\bin"/>
    <property name="sun.java.command" value="C:\Users\Xavier\AppData\Local\Temp\surefire10037770794311074683\surefirebooter-20250603180907381_3.jar C:\Users\Xavier\AppData\Local\Temp\surefire10037770794311074683 2025-06-03T18-09-07_268-jvmRun1 surefire-20250603180907381_1tmp surefire_0-20250603180907381_2tmp"/>
    <property name="jdk.debug" value="release"/>
    <property name="surefire.test.class.path" value="C:\Users\Xavier\Source\Repos_Zartis\Repos CarTrawler\holiday_autos\target\test-classes;C:\Users\Xavier\Source\Repos_Zartis\Repos CarTrawler\holiday_autos\target\classes;C:\Users\Xavier\.m2\repository\com\microsoft\playwright\playwright\1.51.0\playwright-1.51.0.jar;C:\Users\Xavier\.m2\repository\com\google\code\gson\gson\2.12.1\gson-2.12.1.jar;C:\Users\Xavier\.m2\repository\com\google\errorprone\error_prone_annotations\2.36.0\error_prone_annotations-2.36.0.jar;C:\Users\Xavier\.m2\repository\org\opentest4j\opentest4j\1.3.0\opentest4j-1.3.0.jar;C:\Users\Xavier\.m2\repository\com\microsoft\playwright\driver\1.51.0\driver-1.51.0.jar;C:\Users\Xavier\.m2\repository\com\microsoft\playwright\driver-bundle\1.51.0\driver-bundle-1.51.0.jar;C:\Users\Xavier\.m2\repository\org\junit\jupiter\junit-jupiter\5.11.0\junit-jupiter-5.11.0.jar;C:\Users\Xavier\.m2\repository\org\junit\jupiter\junit-jupiter-api\5.11.0\junit-jupiter-api-5.11.0.jar;C:\Users\Xavier\.m2\repository\org\junit\platform\junit-platform-commons\1.11.0\junit-platform-commons-1.11.0.jar;C:\Users\Xavier\.m2\repository\org\apiguardian\apiguardian-api\1.1.2\apiguardian-api-1.1.2.jar;C:\Users\Xavier\.m2\repository\org\junit\jupiter\junit-jupiter-params\5.11.0\junit-jupiter-params-5.11.0.jar;C:\Users\Xavier\.m2\repository\org\junit\jupiter\junit-jupiter-engine\5.11.0\junit-jupiter-engine-5.11.0.jar;C:\Users\Xavier\.m2\repository\org\junit\platform\junit-platform-engine\1.11.0\junit-platform-engine-1.11.0.jar;"/>
    <property name="sun.cpu.endian" value="little"/>
    <property name="user.home" value="C:\Users\Xavier"/>
    <property name="user.language" value="es"/>
    <property name="java.specification.vendor" value="Oracle Corporation"/>
    <property name="java.version.date" value="2024-07-16"/>
    <property name="java.home" value="C:\Program Files\Java\jdk-17"/>
    <property name="file.separator" value="\"/>
    <property name="basedir" value="C:\Users\Xavier\Source\Repos_Zartis\Repos CarTrawler\holiday_autos"/>
    <property name="java.vm.compressedOopsMode" value="Zero based"/>
    <property name="line.separator" value="&#10;"/>
    <property name="java.vm.specification.vendor" value="Oracle Corporation"/>
    <property name="java.specification.name" value="Java Platform API Specification"/>
    <property name="surefire.real.class.path" value="C:\Users\Xavier\AppData\Local\Temp\surefire10037770794311074683\surefirebooter-20250603180907381_3.jar"/>
    <property name="user.script" value=""/>
    <property name="sun.management.compiler" value="HotSpot 64-Bit Tiered Compilers"/>
    <property name="java.runtime.version" value="17.0.12+8-LTS-286"/>
    <property name="user.name" value="Xavier"/>
    <property name="path.separator" value=";"/>
    <property name="os.version" value="10.0"/>
    <property name="java.runtime.name" value="Java(TM) SE Runtime Environment"/>
    <property name="file.encoding" value="Cp1252"/>
    <property name="java.vm.name" value="Java HotSpot(TM) 64-Bit Server VM"/>
    <property name="localRepository" value="C:\Users\Xavier\.m2\repository"/>
    <property name="java.vendor.url.bug" value="https://bugreport.java.com/bugreport/"/>
    <property name="java.io.tmpdir" value="C:\Users\Xavier\AppData\Local\Temp\"/>
    <property name="java.version" value="17.0.12"/>
    <property name="user.dir" value="C:\Users\Xavier\Source\Repos_Zartis\Repos CarTrawler\holiday_autos"/>
    <property name="os.arch" value="amd64"/>
    <property name="java.vm.specification.name" value="Java Virtual Machine Specification"/>
    <property name="sun.os.patch.level" value=""/>
    <property name="native.encoding" value="Cp1252"/>
    <property name="java.library.path" value="C:\Program Files\Java\jdk-17\bin;C:\WINDOWS\Sun\Java\bin;C:\WINDOWS\system32;C:\WINDOWS;C:\Program Files\Git\mingw64\bin;C:\Program Files\Git\usr\bin;C:\Users\Xavier\bin;C:\Program Files\Common Files\Oracle\Java\javapath;C:\Program Files (x86)\Common Files\Oracle\Java\javapath;C:\Program Files (x86)\Common Files\Microsoft Shared\Windows Live;C:\Windows\system32;C:\Windows;C:\Program Files (x86)\Java\jre1.8.0_191\bin;C:\Windows\System32\Wbem;C:\Program Files\Intel\Intel(R) Management Engine Components\DAL;C:\Program Files\Intel\Intel(R) Management Engine Components\IPT;C:\Program Files (x86)\Intel\Intel(R) Management Engine Components\DAL;C:\Program Files (x86)\Intel\Intel(R) Management Engine Components\IPT;C:\WINDOWS\system32;C:\WINDOWS;C:\WINDOWS\System32\Wbem;C:\WINDOWS\System32\OpenSSH;C:\Program Files\Java\jdk1.8.0_191\bin;C:\Program Files (x86)\AOMEI Backupper;C:\Program Files\dotnet;C:\Program Files\Git\cmd;C:\Program Files\nodejs;C:\WIN;C:\WINDOWS\System32\WindowsPowerShell\v1.0;C:\Program Files (x86)\NVIDIA Corporation\PhysX\Common;C:\Program Files\Microsoft SQL Server\Client SDK\ODBC\170\Tools\Binn;C:\Program Files\NVIDIA Corporation\NVIDIA app\NvDLISR;C:\WINDOWS\system32;C:\WINDOWS;C:\WINDOWS\System32\Wbem;C:\WINDOWS\System32\WindowsPowerShell\v1.0;C:\WINDOWS\System32\OpenSSH;C:\Program Files\Apache\apache-maven-3.9.9\bin;C:\Users\Xavier\AppData\Local\Programs\Python\Python311\Scripts;C:\Users\Xavier\AppData\Local\Programs\Python\Python311;C:\Program Files\Common Files\Microsoft Shared\Windows Live;C:\Users\Xavier\AppData\Local\Microsoft\WindowsApps;C:\Users\Xavier\AppData\Roaming\npm;C:\Users\Xavier\AppData\Local\Programs\Microsoft VS Code\bin;C:\Users\Xavier\.dotnet\tools;C:\Users\Xavier\AppData\Roaming\Python\Scripts;C:\Users\Xavier\AppData\Local\Microsoft\WindowsApps;C:\Users\Xavier\.dotnet\tools;C:\Program Files\JetBrains\IntelliJ IDEA 2025.1.1.1\bin;C:\Program Files\JetBrains\IntelliJ IDEA Community Edition 2025.1.1.1\bin;."/>
    <property name="java.vm.info" value="mixed mode, sharing"/>
    <property name="java.vendor" value="Oracle Corporation"/>
    <property name="java.vm.version" value="17.0.12+8-LTS-286"/>
    <property name="sun.io.unicode.encoding" value="UnicodeLittle"/>
    <property name="java.class.version" value="61.0"/>
  </properties>
  <testcase name="shouldSearchForCarsWithPickupLocationAndDateRange" classname="tests.HolidayAutosSearchTest" time="11.989"/>
  <testcase name="shouldOrderCarsByPriceAndFirstCarIsCheapest" classname="tests.HolidayAutosSearchTest" time="10.476"/>
  <testcase name="testSelectCheapestCarAndVerifyDetails" classname="tests.HolidayAutosSearchTest" time="9.707"/>
</testsuite>